[26-Apr-2021 19:24:33 GMT] PHP Parse error:  syntax error, unexpected 'else' (T_ELSE) in /var/www/html/notes/index.php on line 39
[27-Apr-2021 15:43:04 GMT] PHP Notice:  Undefined variable: token in /var/www/html/notes/app.php on line 37
[27-Apr-2021 15:43:04 GMT] PHP Notice:  Undefined variable: token in /var/www/html/notes/app.php on line 37
[27-Apr-2021 15:43:04 GMT] PHP Notice:  Undefined variable: token in /var/www/html/notes/app.php on line 37
[27-Apr-2021 15:43:04 GMT] PHP Notice:  Undefined variable: token in /var/www/html/notes/app.php on line 37
[27-Apr-2021 15:43:04 GMT] PHP Notice:  Undefined variable: token in /var/www/html/notes/app.php on line 37
[27-Apr-2021 18:36:56 GMT] PHP Notice:  Undefined variable: token in /var/www/html/notes/app.php on line 37
[27-Apr-2021 18:36:56 GMT] PHP Notice:  Undefined variable: token in /var/www/html/notes/app.php on line 37
[27-Apr-2021 18:36:56 GMT] PHP Notice:  Undefined variable: token in /var/www/html/notes/app.php on line 37
[27-Apr-2021 18:36:56 GMT] PHP Notice:  Undefined variable: token in /var/www/html/notes/app.php on line 37
[27-Apr-2021 18:36:56 GMT] PHP Notice:  Undefined variable: token in /var/www/html/notes/app.php on line 37
[27-Apr-2021 19:12:53 GMT] PHP Notice:  Undefined index: text in /var/www/html/notes/note.php on line 28
[27-Apr-2021 21:09:40 GMT] PHP Notice:  Undefined index: note in /var/www/html/notes/note.php on line 56
[27-Apr-2021 21:26:22 GMT] PHP Notice:  Undefined index: note in /var/www/html/notes/note.php on line 56
[27-Apr-2021 21:27:32 GMT] PHP Notice:  Undefined index: note in /var/www/html/notes/note.php on line 56
[28-Apr-2021 06:24:33 GMT] PHP Parse error:  syntax error, unexpected '.' in /var/www/html/notes/app.php on line 47
[28-Apr-2021 06:25:09 GMT] PHP Parse error:  syntax error, unexpected '.' in /var/www/html/notes/app.php on line 47
[28-Apr-2021 06:25:16 GMT] PHP Parse error:  syntax error, unexpected '.' in /var/www/html/notes/app.php on line 47
[28-Apr-2021 06:29:06 GMT] PHP Notice:  Undefined index: user in /var/www/html/notes/app.php on line 22
[28-Apr-2021 06:29:06 GMT] PHP Notice:  Undefined index: user in /var/www/html/notes/app.php on line 46
[28-Apr-2021 06:29:18 GMT] PHP Notice:  Undefined index: user in /var/www/html/notes/app.php on line 22
[28-Apr-2021 06:29:18 GMT] PHP Notice:  Undefined index: user in /var/www/html/notes/app.php on line 46
[28-Apr-2021 06:29:19 GMT] PHP Notice:  Undefined index: user in /var/www/html/notes/app.php on line 22
[28-Apr-2021 06:29:19 GMT] PHP Notice:  Undefined index: user in /var/www/html/notes/app.php on line 46
[28-Apr-2021 06:29:20 GMT] PHP Notice:  Undefined index: user in /var/www/html/notes/app.php on line 22
[28-Apr-2021 06:29:20 GMT] PHP Notice:  Undefined index: user in /var/www/html/notes/app.php on line 46
[28-Apr-2021 06:29:20 GMT] PHP Notice:  Undefined index: user in /var/www/html/notes/app.php on line 22
[28-Apr-2021 06:29:20 GMT] PHP Notice:  Undefined index: user in /var/www/html/notes/app.php on line 46
[28-Apr-2021 06:29:21 GMT] PHP Notice:  Undefined index: user in /var/www/html/notes/app.php on line 22
[28-Apr-2021 06:29:21 GMT] PHP Notice:  Undefined index: user in /var/www/html/notes/app.php on line 46
[28-Apr-2021 06:29:21 GMT] PHP Notice:  Undefined index: user in /var/www/html/notes/app.php on line 22
[28-Apr-2021 06:29:21 GMT] PHP Notice:  Undefined index: user in /var/www/html/notes/app.php on line 46
[28-Apr-2021 06:29:22 GMT] PHP Notice:  Undefined index: user in /var/www/html/notes/app.php on line 22
[28-Apr-2021 06:29:22 GMT] PHP Notice:  Undefined index: user in /var/www/html/notes/app.php on line 46
[28-Apr-2021 06:29:22 GMT] PHP Notice:  Undefined index: user in /var/www/html/notes/app.php on line 22
[28-Apr-2021 06:29:22 GMT] PHP Notice:  Undefined index: user in /var/www/html/notes/app.php on line 46
[28-Apr-2021 06:29:22 GMT] PHP Notice:  Undefined index: user in /var/www/html/notes/app.php on line 22
[28-Apr-2021 06:29:22 GMT] PHP Notice:  Undefined index: user in /var/www/html/notes/app.php on line 46
[28-Apr-2021 06:29:23 GMT] PHP Notice:  Undefined index: user in /var/www/html/notes/app.php on line 22
[28-Apr-2021 06:29:23 GMT] PHP Notice:  Undefined index: user in /var/www/html/notes/app.php on line 46
[28-Apr-2021 06:29:23 GMT] PHP Notice:  Undefined index: user in /var/www/html/notes/app.php on line 22
[28-Apr-2021 06:29:23 GMT] PHP Notice:  Undefined index: user in /var/www/html/notes/app.php on line 46
[28-Apr-2021 06:29:23 GMT] PHP Notice:  Undefined index: user in /var/www/html/notes/app.php on line 22
[28-Apr-2021 06:29:23 GMT] PHP Notice:  Undefined index: user in /var/www/html/notes/app.php on line 46
[28-Apr-2021 06:29:24 GMT] PHP Notice:  Undefined index: user in /var/www/html/notes/app.php on line 22
[28-Apr-2021 06:29:24 GMT] PHP Notice:  Undefined index: user in /var/www/html/notes/app.php on line 46
[28-Apr-2021 06:29:24 GMT] PHP Notice:  Undefined index: user in /var/www/html/notes/app.php on line 22
[28-Apr-2021 06:29:24 GMT] PHP Notice:  Undefined index: user in /var/www/html/notes/app.php on line 46
[28-Apr-2021 06:29:25 GMT] PHP Notice:  Undefined index: user in /var/www/html/notes/app.php on line 22
[28-Apr-2021 06:29:25 GMT] PHP Notice:  Undefined index: user in /var/www/html/notes/app.php on line 46
[28-Apr-2021 06:29:25 GMT] PHP Notice:  Undefined index: user in /var/www/html/notes/app.php on line 22
[28-Apr-2021 06:29:25 GMT] PHP Notice:  Undefined index: user in /var/www/html/notes/app.php on line 46
[28-Apr-2021 06:29:26 GMT] PHP Notice:  Undefined index: user in /var/www/html/notes/app.php on line 22
[28-Apr-2021 06:29:26 GMT] PHP Notice:  Undefined index: user in /var/www/html/notes/app.php on line 46
[28-Apr-2021 06:29:26 GMT] PHP Notice:  Undefined index: user in /var/www/html/notes/app.php on line 22
[28-Apr-2021 06:29:26 GMT] PHP Notice:  Undefined index: user in /var/www/html/notes/app.php on line 46
[28-Apr-2021 06:29:27 GMT] PHP Notice:  Undefined index: user in /var/www/html/notes/app.php on line 22
[28-Apr-2021 06:29:27 GMT] PHP Notice:  Undefined index: user in /var/www/html/notes/app.php on line 46
[28-Apr-2021 06:29:27 GMT] PHP Notice:  Undefined index: user in /var/www/html/notes/app.php on line 22
[28-Apr-2021 06:29:27 GMT] PHP Notice:  Undefined index: user in /var/www/html/notes/app.php on line 46
[28-Apr-2021 06:29:27 GMT] PHP Notice:  Undefined index: user in /var/www/html/notes/app.php on line 22
[28-Apr-2021 06:29:27 GMT] PHP Notice:  Undefined index: user in /var/www/html/notes/app.php on line 46
[28-Apr-2021 06:29:28 GMT] PHP Notice:  Undefined index: user in /var/www/html/notes/app.php on line 22
[28-Apr-2021 06:29:28 GMT] PHP Notice:  Undefined index: user in /var/www/html/notes/app.php on line 46
[28-Apr-2021 06:29:28 GMT] PHP Notice:  Undefined index: user in /var/www/html/notes/app.php on line 22
[28-Apr-2021 06:29:28 GMT] PHP Notice:  Undefined index: user in /var/www/html/notes/app.php on line 46
[28-Apr-2021 06:29:29 GMT] PHP Notice:  Undefined index: user in /var/www/html/notes/app.php on line 22
[28-Apr-2021 06:29:29 GMT] PHP Notice:  Undefined index: user in /var/www/html/notes/app.php on line 46
[28-Apr-2021 06:29:29 GMT] PHP Notice:  Undefined index: user in /var/www/html/notes/app.php on line 22
[28-Apr-2021 06:29:29 GMT] PHP Notice:  Undefined index: user in /var/www/html/notes/app.php on line 46
[28-Apr-2021 06:29:29 GMT] PHP Notice:  Undefined index: user in /var/www/html/notes/app.php on line 22
[28-Apr-2021 06:29:29 GMT] PHP Notice:  Undefined index: user in /var/www/html/notes/app.php on line 46
[28-Apr-2021 06:29:30 GMT] PHP Notice:  Undefined index: user in /var/www/html/notes/app.php on line 22
[28-Apr-2021 06:29:30 GMT] PHP Notice:  Undefined index: user in /var/www/html/notes/app.php on line 46
[28-Apr-2021 06:29:30 GMT] PHP Notice:  Undefined index: user in /var/www/html/notes/app.php on line 22
[28-Apr-2021 06:29:30 GMT] PHP Notice:  Undefined index: user in /var/www/html/notes/app.php on line 46
[28-Apr-2021 06:29:30 GMT] PHP Notice:  Undefined index: user in /var/www/html/notes/app.php on line 22
[28-Apr-2021 06:29:31 GMT] PHP Notice:  Undefined index: user in /var/www/html/notes/app.php on line 46
[28-Apr-2021 06:29:31 GMT] PHP Notice:  Undefined index: user in /var/www/html/notes/app.php on line 22
[28-Apr-2021 06:29:31 GMT] PHP Notice:  Undefined index: user in /var/www/html/notes/app.php on line 46
[28-Apr-2021 06:29:34 GMT] PHP Notice:  Undefined index: user in /var/www/html/notes/app.php on line 22
[28-Apr-2021 06:29:34 GMT] PHP Notice:  Undefined index: user in /var/www/html/notes/app.php on line 46
[28-Apr-2021 06:31:55 GMT] PHP Notice:  Undefined index: user in /var/www/html/notes/app.php on line 22
[28-Apr-2021 06:31:55 GMT] PHP Notice:  Undefined index: user in /var/www/html/notes/app.php on line 46
[28-Apr-2021 07:12:01 GMT] PHP Notice:  Undefined index: user in /var/www/html/notes/app.php on line 23
[28-Apr-2021 07:12:01 GMT] PHP Notice:  Undefined index: user in /var/www/html/notes/app.php on line 29
[28-Apr-2021 07:12:01 GMT] PHP Notice:  Undefined index: user in /var/www/html/notes/app.php on line 46
[28-Apr-2021 07:12:01 GMT] PHP Notice:  Undefined index: user in /var/www/html/notes/app.php on line 53
[28-Apr-2021 07:12:02 GMT] PHP Notice:  Undefined index: user in /var/www/html/notes/app.php on line 23
[28-Apr-2021 07:12:02 GMT] PHP Notice:  Undefined index: user in /var/www/html/notes/app.php on line 29
[28-Apr-2021 07:12:02 GMT] PHP Notice:  Undefined index: user in /var/www/html/notes/app.php on line 46
[28-Apr-2021 07:12:02 GMT] PHP Notice:  Undefined index: user in /var/www/html/notes/app.php on line 46
[28-Apr-2021 07:12:02 GMT] PHP Notice:  Undefined index: user in /var/www/html/notes/app.php on line 53
[28-Apr-2021 07:12:03 GMT] PHP Notice:  Undefined index: user in /var/www/html/notes/app.php on line 23
[28-Apr-2021 07:12:03 GMT] PHP Notice:  Undefined index: user in /var/www/html/notes/app.php on line 29
[28-Apr-2021 07:12:03 GMT] PHP Notice:  Undefined index: user in /var/www/html/notes/app.php on line 46
[28-Apr-2021 07:12:03 GMT] PHP Notice:  Undefined index: user in /var/www/html/notes/app.php on line 46
[28-Apr-2021 07:12:03 GMT] PHP Notice:  Undefined index: user in /var/www/html/notes/app.php on line 46
[28-Apr-2021 07:12:03 GMT] PHP Notice:  Undefined index: user in /var/www/html/notes/app.php on line 53
[28-Apr-2021 07:12:03 GMT] PHP Notice:  Undefined index: user in /var/www/html/notes/app.php on line 23
[28-Apr-2021 07:12:03 GMT] PHP Notice:  Undefined index: user in /var/www/html/notes/app.php on line 29
[28-Apr-2021 07:12:03 GMT] PHP Notice:  Undefined index: user in /var/www/html/notes/app.php on line 46
[28-Apr-2021 07:12:03 GMT] PHP Notice:  Undefined index: user in /var/www/html/notes/app.php on line 46
[28-Apr-2021 07:12:03 GMT] PHP Notice:  Undefined index: user in /var/www/html/notes/app.php on line 46
[28-Apr-2021 07:12:03 GMT] PHP Notice:  Undefined index: user in /var/www/html/notes/app.php on line 46
[28-Apr-2021 07:12:03 GMT] PHP Notice:  Undefined index: user in /var/www/html/notes/app.php on line 53
[28-Apr-2021 07:12:03 GMT] PHP Notice:  Undefined index: user in /var/www/html/notes/app.php on line 23
[28-Apr-2021 07:12:03 GMT] PHP Notice:  Undefined index: user in /var/www/html/notes/app.php on line 29
[28-Apr-2021 07:12:03 GMT] PHP Notice:  Undefined index: user in /var/www/html/notes/app.php on line 46
[28-Apr-2021 07:12:03 GMT] PHP Notice:  Undefined index: user in /var/www/html/notes/app.php on line 46
[28-Apr-2021 07:12:03 GMT] PHP Notice:  Undefined index: user in /var/www/html/notes/app.php on line 46
[28-Apr-2021 07:12:03 GMT] PHP Notice:  Undefined index: user in /var/www/html/notes/app.php on line 46
[28-Apr-2021 07:12:03 GMT] PHP Notice:  Undefined index: user in /var/www/html/notes/app.php on line 46
[28-Apr-2021 07:12:03 GMT] PHP Notice:  Undefined index: user in /var/www/html/notes/app.php on line 53
[28-Apr-2021 07:50:31 GMT] PHP Notice:  Undefined index: user in /var/www/html/notes/app.php on line 24
[28-Apr-2021 07:50:31 GMT] PHP Notice:  Undefined index: user in /var/www/html/notes/app.php on line 28
[28-Apr-2021 07:50:31 GMT] PHP Notice:  Undefined index: user in /var/www/html/notes/app.php on line 34
[28-Apr-2021 07:50:31 GMT] PHP Notice:  Undefined index: user in /var/www/html/notes/app.php on line 51
[28-Apr-2021 07:50:31 GMT] PHP Notice:  Undefined index: user in /var/www/html/notes/app.php on line 51
[28-Apr-2021 07:50:31 GMT] PHP Notice:  Undefined index: user in /var/www/html/notes/app.php on line 51
[28-Apr-2021 07:50:31 GMT] PHP Notice:  Undefined index: user in /var/www/html/notes/app.php on line 51
[28-Apr-2021 07:50:31 GMT] PHP Notice:  Undefined index: user in /var/www/html/notes/app.php on line 51
[28-Apr-2021 07:50:31 GMT] PHP Notice:  Undefined index: user in /var/www/html/notes/app.php on line 51
[28-Apr-2021 07:50:31 GMT] PHP Notice:  Undefined index: user in /var/www/html/notes/app.php on line 58
[28-Apr-2021 07:50:54 GMT] PHP Parse error:  syntax error, unexpected ']' in /var/www/html/notes/exit.php on line 14
[28-Apr-2021 07:54:27 GMT] PHP Parse error:  syntax error, unexpected ']' in /var/www/html/notes/exit.php on line 14
[28-Apr-2021 07:54:50 GMT] PHP Parse error:  syntax error, unexpected ']' in /var/www/html/notes/exit.php on line 14
[28-Apr-2021 11:25:41 GMT] PHP Notice:  Undefined index: access_login in /var/www/html/notes/note.php on line 18
[28-Apr-2021 12:33:50 GMT] PHP Fatal error:  Cannot redeclare parse_url() in /var/www/html/notes/parseurl.php on line 8
[28-Apr-2021 12:35:49 GMT] PHP Fatal error:  Cannot redeclare parse_url() in /var/www/html/notes/parseurl.php on line 8
